<?xml version="1.0" encoding="UTF-8" ?>
<testsuite failures="1" time="60.062" errors="0" skipped="0" tests="1" name="ca.kijiji.contest.ParkingTicketsStatsTest">
  <properties>
[...]
</properties>
  <testcase time="60.062" classname="ca.kijiji.contest.ParkingTicketsStatsTest" name="testSortStreetsByProfitability">
    <failure message="
Expected: (a value greater than &lt;2442174&gt; and a value less than &lt;2699245&gt;)
     but: a value greater than &lt;2442174&gt; was null" type="java.lang.AssertionError">java.lang.AssertionError: 
Expected: (a value greater than &lt;2442174&gt; and a value less than &lt;2699245&gt;)
     but: a value greater than &lt;2442174&gt; was null
	at org.hamcrest.MatcherAssert.assertThat(MatcherAssert.java:20)
	at org.junit.Assert.assertThat(Assert.java:865)
	at org.junit.Assert.assertThat(Assert.java:832)
	at ca.kijiji.contest.ParkingTicketsStatsTest.testSortStreetsByProfitability(ParkingTicketsStatsTest.java:47)
	at sun.reflect.NativeMethodAccessorImpl.invoke0(Native Method)
	at sun.reflect.NativeMethodAccessorImpl.invoke(NativeMethodAccessorImpl.java:57)
	at sun.reflect.DelegatingMethodAccessorImpl.invoke(DelegatingMethodAccessorImpl.java:43)
	at java.lang.reflect.Method.invoke(Method.java:491)
	at org.junit.runners.model.FrameworkMethod$1.runReflectiveCall(FrameworkMethod.java:47)
	at org.junit.internal.runners.model.ReflectiveCallable.run(ReflectiveCallable.java:12)
	at org.junit.runners.model.FrameworkMethod.invokeExplosively(FrameworkMethod.java:44)
	at org.junit.internal.runners.statements.InvokeMethod.evaluate(InvokeMethod.java:17)
	at org.junit.runners.ParentRunner.runLeaf(ParentRunner.java:271)
	at org.junit.runners.BlockJUnit4ClassRunner.runChild(BlockJUnit4ClassRunner.java:70)
	at org.junit.runners.BlockJUnit4ClassRunner.runChild(BlockJUnit4ClassRunner.java:50)
	at org.junit.runners.ParentRunner$3.run(ParentRunner.java:238)
	at org.junit.runners.ParentRunner$1.schedule(ParentRunner.java:63)
	at org.junit.runners.ParentRunner.runChildren(ParentRunner.java:236)
	at org.junit.runners.ParentRunner.access$000(ParentRunner.java:53)
	at org.junit.runners.ParentRunner$2.evaluate(ParentRunner.java:229)
	at org.junit.runners.ParentRunner.run(ParentRunner.java:309)
	at org.apache.maven.surefire.junit4.JUnit4Provider.execute(JUnit4Provider.java:252)
	at org.apache.maven.surefire.junit4.JUnit4Provider.executeTestSet(JUnit4Provider.java:141)
	at org.apache.maven.surefire.junit4.JUnit4Provider.invoke(JUnit4Provider.java:112)
	at sun.reflect.NativeMethodAccessorImpl.invoke0(Native Method)
	at sun.reflect.NativeMethodAccessorImpl.invoke(NativeMethodAccessorImpl.java:57)
	at sun.reflect.DelegatingMethodAccessorImpl.invoke(DelegatingMethodAccessorImpl.java:43)
	at java.lang.reflect.Method.invoke(Method.java:491)
	at org.apache.maven.surefire.util.ReflectionUtils.invokeMethodWithArray(ReflectionUtils.java:189)
	at org.apache.maven.surefire.booter.ProviderFactory$ProviderProxy.invoke(ProviderFactory.java:165)
	at org.apache.maven.surefire.booter.ProviderFactory.invokeProvider(ProviderFactory.java:85)
	at org.apache.maven.surefire.booter.ForkedBooter.runSuitesInProcess(ForkedBooter.java:115)
	at org.apache.maven.surefire.booter.ForkedBooter.main(ForkedBooter.java:75)
</failure>
    <system-err>[main] INFO ca.kijiji.contest.ParkingTicketsStats - Initializing Processor #0
[main] INFO ca.kijiji.contest.ParkingTicketsStats - Initializing Processor #1
[main] INFO ca.kijiji.contest.ParkingTicketsStats - Initializing Processor #2
[main] INFO ca.kijiji.contest.ParkingTicketsStats - Initializing TicketDataReader
[pool-1-thread-1] INFO ca.kijiji.contest.TicketDataReader - Read Data Started
[pool-1-thread-2] INFO ca.kijiji.contest.TicketProcessor - Starting Up Ticket Processor #2
[pool-1-thread-3] INFO ca.kijiji.contest.TicketProcessor - Starting Up Ticket Processor #1
[pool-1-thread-4] INFO ca.kijiji.contest.TicketProcessor - Starting Up Ticket Processor #0
[pool-1-thread-1] INFO ca.kijiji.contest.TicketDataReader - Completed Readthrough - Telling Processors to Shutdown when finished.
[pool-1-thread-1] INFO ca.kijiji.contest.TicketDataReader - Completed Shutting Down DataReader - Duration: 1037ms
[main] INFO ca.kijiji.contest.ParkingTicketsStatsTest - Duration of computation = 60046 ms
</system-err>
  </testcase>
</testsuite>